<?xml version="1.0" encoding="UTF-8"?>
<!-- Generated by org.testng.reporters.JUnitXMLReporter -->
<testsuite ignored="2" hostname="5CD144C88W" failures="0" tests="2" name="Chrome_Test" time="7.652" errors="0" timestamp="2023-03-13T11:12:57 IST">
  <testcase classname="com.webautomation.testcases.Home_Page_test" name="home_page" time="5.202"/>
  <testcase classname="com.webautomation.testcases.Download_Page_Test" name="download_page" time="2.438"/>
  <testcase classname="com.webautomation.testcases.Base_Class" name="@AfterSuite teardown" time="0.0">
    <ignored/>
  </testcase> <!-- @AfterSuite teardown -->
  <testcase classname="com.webautomation.testcases.Base_Class" name="@BeforeSuite setup" time="0.0">
    <ignored/>
  </testcase> <!-- @BeforeSuite setup -->
</testsuite> <!-- Chrome_Test -->
