<?xml version="1.0" encoding="UTF-8"?>
<!-- Generated by org.testng.reporters.JUnitXMLReporter -->
<testsuite ignored="1" hostname="5CD144C88W" failures="1" tests="1" name="Smoke" time="1.52" errors="0" timestamp="2023-05-12T10:48:26 IST">
  <testcase classname="com.webautomation.testcases.Home_Page_test" name="home_page" time="0.016">
    <failure type="java.lang.NullPointerException" message="Cannot invoke &amp;quot;org.apache.logging.log4j.Logger.info(String)&amp;quot; because &amp;quot;com.webautomation.testcases.Home_Page_test.log&amp;quot; is null">
      <![CDATA[java.lang.NullPointerException: Cannot invoke "org.apache.logging.log4j.Logger.info(String)" because "com.webautomation.testcases.Home_Page_test.log" is null
at com.webautomation.testcases.Home_Page_test.home_page(Home_Page_test.java:20)
at java.base/java.util.ArrayList.forEach(ArrayList.java:1511)
... Removed 27 stack frames]]>
    </failure>
  </testcase> <!-- home_page -->
  <testcase classname="com.webautomation.testcases.Download_Page_Test" name="download_page" time="0.0">
    <ignored/>
  </testcase> <!-- download_page -->
</testsuite> <!-- Smoke -->
